<?xml version="1.0" encoding="UTF-8"?>
<!-- Generated by org.testng.reporters.JUnitXMLReporter -->
<testsuite hostname="DESKTOP-0K72I4M" ignored="0" name="Mobilequantityverify" tests="2" failures="2" timestamp="2020-12-12T11:07:38 IST" time="33.704" errors="0">
  <testcase name="verifyTitleOfPageTest" time="8.438" classname="guru99.websiteTest.MobileSortingTest">
    <failure type="junit.framework.ComparisonFailure" message="THIS IS DEMO SITE FOR expected:&amp;lt;[Mobi]le&amp;gt; but was:&amp;lt;[Title is not matching with expected tit]le&amp;gt;">
      <![CDATA[junit.framework.ComparisonFailure: THIS IS DEMO SITE FOR expected:<[Mobi]le> but was:<[Title is not matching with expected tit]le>
at junit.framework.Assert.assertEquals(Assert.java:100)
at guru99.websiteTest.MobileSortingTest.verifyTitleOfPageTest(MobileSortingTest.java:40)
at java.util.ArrayList.forEach(ArrayList.java:1259)
... Removed 27 stack frames]]>
    </failure>
  </testcase> <!-- verifyTitleOfPageTest -->
  <testcase name="verifyTitleOfPageTest" time="33.673" classname="guru99.websiteTest.MobileSortingTest">
    <failure type="java.lang.NullPointerException">
      <![CDATA[java.lang.NullPointerException
at guru99.customListeners.MyListener.onTestFailure(MyListener.java:63)
at java.util.ArrayList.forEach(ArrayList.java:1259)
... Removed 24 stack frames]]>
    </failure>
  </testcase> <!-- verifyTitleOfPageTest -->
</testsuite> <!-- Mobilequantityverify -->
