<?xml version="1.0" encoding="UTF-8"?>
<testng-results skipped="0" failed="1" ignored="0" total="4" passed="3">
  <reporter-output>
  </reporter-output>
  <suite name="guru99" duration-ms="120108" started-at="2020-12-12T10:51:03 IST" finished-at="2020-12-12T10:53:04 IST">
    <groups>
    </groups>
    <test name="Mobilequantityverify" duration-ms="120108" started-at="2020-12-12T10:51:03 IST" finished-at="2020-12-12T10:53:04 IST">
      <class name="guru99.websiteTest.MobileSortingTest">
        <test-method status="PASS" signature="setup()[pri:0, instance:guru99.websiteTest.MobileSortingTest@42f93a98]" name="setup" is-config="true" duration-ms="38806" started-at="2020-12-12T10:51:04 IST" finished-at="2020-12-12T10:51:42 IST">
          <reporter-output>
          </reporter-output>
        </test-method> <!-- setup -->
        <test-method status="FAIL" signature="verifyTitleOfPageTest()[pri:1, instance:guru99.websiteTest.MobileSortingTest@42f93a98]" name="verifyTitleOfPageTest" duration-ms="3293" started-at="2020-12-12T10:51:42 IST" finished-at="2020-12-12T10:51:46 IST">
          <exception class="junit.framework.ComparisonFailure">
            <message>
              <![CDATA[THIS IS DEMO SITE FOR expected:<[Mobi]le> but was:<[Title is not matching with expected tit]le>]]>
            </message>
            <full-stacktrace>
              <![CDATA[junit.framework.ComparisonFailure: THIS IS DEMO SITE FOR expected:<[Mobi]le> but was:<[Title is not matching with expected tit]le>
at junit.framework.Assert.assertEquals(Assert.java:100)
at guru99.websiteTest.MobileSortingTest.verifyTitleOfPageTest(MobileSortingTest.java:40)
at sun.reflect.NativeMethodAccessorImpl.invoke0(Native Method)
at sun.reflect.NativeMethodAccessorImpl.invoke(NativeMethodAccessorImpl.java:62)
at sun.reflect.DelegatingMethodAccessorImpl.invoke(DelegatingMethodAccessorImpl.java:43)
at java.lang.reflect.Method.invoke(Method.java:498)
at org.testng.internal.MethodInvocationHelper.invokeMethod(MethodInvocationHelper.java:132)
at org.testng.internal.TestInvoker.invokeMethod(TestInvoker.java:599)
at org.testng.internal.TestInvoker.invokeTestMethod(TestInvoker.java:174)
at org.testng.internal.MethodRunner.runInSequence(MethodRunner.java:46)
at org.testng.internal.TestInvoker$MethodInvocationAgent.invoke(TestInvoker.java:822)
at org.testng.internal.TestInvoker.invokeTestMethods(TestInvoker.java:147)
at org.testng.internal.TestMethodWorker.invokeTestMethods(TestMethodWorker.java:146)
at org.testng.internal.TestMethodWorker.run(TestMethodWorker.java:128)
at java.util.ArrayList.forEach(ArrayList.java:1259)
at org.testng.TestRunner.privateRun(TestRunner.java:764)
at org.testng.TestRunner.run(TestRunner.java:585)
at org.testng.SuiteRunner.runTest(SuiteRunner.java:384)
at org.testng.SuiteRunner.runSequentially(SuiteRunner.java:378)
at org.testng.SuiteRunner.privateRun(SuiteRunner.java:337)
at org.testng.SuiteRunner.run(SuiteRunner.java:286)
at org.testng.SuiteRunnerWorker.runSuite(SuiteRunnerWorker.java:53)
at org.testng.SuiteRunnerWorker.run(SuiteRunnerWorker.java:96)
at org.testng.TestNG.runSuitesSequentially(TestNG.java:1218)
at org.testng.TestNG.runSuitesLocally(TestNG.java:1140)
at org.testng.TestNG.runSuites(TestNG.java:1069)
at org.testng.TestNG.run(TestNG.java:1037)
at org.testng.remote.AbstractRemoteTestNG.run(AbstractRemoteTestNG.java:115)
at org.testng.remote.RemoteTestNG.initAndRun(RemoteTestNG.java:251)
at org.testng.remote.RemoteTestNG.main(RemoteTestNG.java:77)
]]>
            </full-stacktrace>
          </exception> <!-- junit.framework.ComparisonFailure -->
          <reporter-output>
          </reporter-output>
        </test-method> <!-- verifyTitleOfPageTest -->
        <test-method status="PASS" signature="closure()[pri:0, instance:guru99.websiteTest.MobileSortingTest@42f93a98]" name="closure" is-config="true" duration-ms="623" started-at="2020-12-12T10:51:46 IST" finished-at="2020-12-12T10:51:47 IST">
          <reporter-output>
          </reporter-output>
        </test-method> <!-- closure -->
        <test-method status="PASS" signature="setup()[pri:0, instance:guru99.websiteTest.MobileSortingTest@42f93a98]" name="setup" is-config="true" duration-ms="28207" started-at="2020-12-12T10:51:47 IST" finished-at="2020-12-12T10:52:15 IST">
          <reporter-output>
          </reporter-output>
        </test-method> <!-- setup -->
        <test-method status="PASS" signature="clickOnMobilemenuTest()[pri:2, instance:guru99.websiteTest.MobileSortingTest@42f93a98]" name="clickOnMobilemenuTest" duration-ms="1121" started-at="2020-12-12T10:52:15 IST" finished-at="2020-12-12T10:52:16 IST">
          <reporter-output>
          </reporter-output>
        </test-method> <!-- clickOnMobilemenuTest -->
        <test-method status="PASS" signature="closure()[pri:0, instance:guru99.websiteTest.MobileSortingTest@42f93a98]" name="closure" is-config="true" duration-ms="223" started-at="2020-12-12T10:52:16 IST" finished-at="2020-12-12T10:52:17 IST">
          <reporter-output>
          </reporter-output>
        </test-method> <!-- closure -->
        <test-method status="PASS" signature="setup()[pri:0, instance:guru99.websiteTest.MobileSortingTest@42f93a98]" name="setup" is-config="true" duration-ms="21768" started-at="2020-12-12T10:52:17 IST" finished-at="2020-12-12T10:52:38 IST">
          <reporter-output>
          </reporter-output>
        </test-method> <!-- setup -->
        <test-method status="PASS" signature="verifyTitleOfMobilePageTest()[pri:3, instance:guru99.websiteTest.MobileSortingTest@42f93a98]" name="verifyTitleOfMobilePageTest" duration-ms="17" started-at="2020-12-12T10:52:38 IST" finished-at="2020-12-12T10:52:38 IST">
          <reporter-output>
          </reporter-output>
        </test-method> <!-- verifyTitleOfMobilePageTest -->
        <test-method status="PASS" signature="closure()[pri:0, instance:guru99.websiteTest.MobileSortingTest@42f93a98]" name="closure" is-config="true" duration-ms="189" started-at="2020-12-12T10:52:38 IST" finished-at="2020-12-12T10:52:39 IST">
          <reporter-output>
          </reporter-output>
        </test-method> <!-- closure -->
        <test-method status="PASS" signature="setup()[pri:0, instance:guru99.websiteTest.MobileSortingTest@42f93a98]" name="setup" is-config="true" duration-ms="24425" started-at="2020-12-12T10:52:39 IST" finished-at="2020-12-12T10:53:03 IST">
          <reporter-output>
          </reporter-output>
        </test-method> <!-- setup -->
        <test-method status="PASS" signature="selectDropDownByName()[pri:4, instance:guru99.websiteTest.MobileSortingTest@42f93a98]" name="selectDropDownByName" duration-ms="423" started-at="2020-12-12T10:53:03 IST" finished-at="2020-12-12T10:53:03 IST">
          <reporter-output>
          </reporter-output>
        </test-method> <!-- selectDropDownByName -->
        <test-method status="PASS" signature="closure()[pri:0, instance:guru99.websiteTest.MobileSortingTest@42f93a98]" name="closure" is-config="true" duration-ms="108" started-at="2020-12-12T10:53:03 IST" finished-at="2020-12-12T10:53:04 IST">
          <reporter-output>
          </reporter-output>
        </test-method> <!-- closure -->
      </class> <!-- guru99.websiteTest.MobileSortingTest -->
    </test> <!-- Mobilequantityverify -->
  </suite> <!-- guru99 -->
</testng-results>
